358102843
442030723
408732594
1228227097
798638362
532454928
1047424202
565674336
524814552
1312524321
913733706
496150873
802159773
371957606
1101106854
314667717
818655028
654428788
594961662
677877277
1191376873
301291572
290506175
1736586815
572156767
1089247669
631799644
818769743
1449676481
641696603
938377263
562671898
1111076686
812481972
760381052
1280390146
1142954257
951787969
1360801355
1228227183
559967193
1076253929
676265203
1388892259
913733774
694734810
158781266
1044319819
701076713
1124381506
1159870161
714854589
697286036
722439466
721961863
1003376312
535048702
1355340886
428803296
356697117
972839542
818655093
95313072
1054150608
660913623
559206581
1575176428
1215112232
1195251428
720637793
91924332
1537425202
510452204
776127361
696733521
716272367
696089857
1150250504
327063849
769165515
433615422
653639180
475565223
1003248320
410443454
422011314
197014709
776127382
100463356
212472443
1120975259
985762308
238644153
986982901
1111466343
433615437
1226982311
727931098
582559478
1074767435
668761515
1189349994
434404087
1151190159
1215112344
814091615
644939869
475418919
1056377853
816323304
1129660307
688648621
736990099
1069485274
358102943
752694957
952020245
186533842
872889423
362713209
105178407
475418938
715881806
548752608
605875340
825800037
1232648516
750023975
972905200
727146744
824591091
624768567
1664674333
953101656
1569377717
475418951
362713228
650895191
78777431
1169324422
1679596392
783803835
559780821
1601227765
921807559
627313933
327063894
991490782
475565300
628497297
724166178
254044952
1174194570
488290080
791033643
1410385188
270252846
525627071
1094837645
783803860
642115368
938377523
670526272
435623154
426998855
1264515523
689412225
638656903
1076254192
642115375
507953966
1218798070
410443533
675220424
915833028
1173949990
207311146
642115381
644685245
373704614
654429024
1120510396
1449676834
1652855048
535048807
826406083
843319705
354913039
795738360
490364464
645272604
1075837591
1078170327
1228227486
439249959
806500250
1129660481
863272780
662151232
889977595
365124850
433615525
662151237
358103015
1150250761
1075837622
122194673
700721213
863272792
95313144
1372792566
525627128
429961397
1601227907
1311337821
1672002683
305428986
694735101
43552199
457567926
949897958
644685282
644322015
95906718
1169324619
1003248579
1569377978
472678683
1245187494
548725118
303953302
333222183
752695099
982163613
285176385
638656998
1355341277
100463436
496151136
851199424
786092329
1141642760
1076984526
476536875
1074767706
867003768
438943591
0
566448462
482854807
150665907
194144683
1169324680
952020442
925179694
1149176369
1063302116
360330161
940636247
1569378068
613101111
1377085629
683298747
1010571139
724166364
774531741
1159135058
1187669417
553801116
806418509
644685327
697497460
759352296
1734657200
1020101373
256564361
690913596
159713671
369156773
1053327064
806418529
843319815
889977696
722754169
339865435
817629147
1313703611
910135996
944762006
1159870650
875457457
763324558
1249978195
1064188104
1259288981
1403460212
991491136
1078170531
986983147
867003846
225645443
1830315029
297600914
1232648862
940636354
1255515149
91924400
21673374
186533955
330763116
548725213
632831896
1111077326
759352362
503792974
470826554
216775079
180130993
1129642187
1396124890
644322145
875457525
1294840033
814091866
339865476
339865476
466638286
1008937228
1151190726
1169324870
435623340
1259289052
849103874
1082929709
921807826
949898128
716948350
641697132
819552454
772093665
333222313
1215113055
1485780416
1537426011
1151022092
350888101
155810475
658399286
305521517
584426479
978690185
1226983002
457915353
235428459
426998966
290505678
849103925
270676471
285176531
1151190806
1030728159
289936757
1197941118
408732792
461122082
403657834
768093699
384126833
526213416
627497783
1598906836
1120975833
746714431
632831963
392255496
462286920
972659297
776852045
1075443090
1388893015
403018715
418086328
1736587774
1205815250
1734657489
505284363
645272941
632831979
774531922
644062619
771373901
545163718
1482062598
767099879
92659285
408732811
573432812
1244193760
594581451
1437639528
1099871319
606511788
1169325031
565674921
768093765
1388893073
505284387
666342885
1180018175
781301086
696090421
91924433
304112132
606368730
167253736
1016634946
1189350551
327555684
868495609
1546510164
527310903
1129660941
793405948
910136240
1259289234
677877748
1276509922
1736587898
270676558
1111077597
771373972
332827669
527310922
785680437
1734657622
403009426
1567832769
1097430639
316242990
333222427
751926694
696733941
613101435
329893894
1830315370
726879620
794414159
845524815
933632431
720638443
972840327
769166031
880856477
593339963
325342137
1245188082
496377796
534348712
624768952
745297525
1090855422
788492872
1394052122
1280612253
1627937729
1440070029
1170542036
1066486317
534348723
433462530
689914866
256564475
1078170879
624614624
554037753
699518882
533757495
806500659
624614630
1335613021
480708839
1372793358
77408472
593754985
491975764
457915470
406578979
738166661
884677886
1064188576
1355168964
466638437
180131153
1606411365
593754996
1101107965
1074768142
294385962
776128085
462990894
1627937816
710270419
1359511477
641816778
867004225
478313174
668762214
1003377459
594581674
586934576
492177040
426336513
548725453
1527099147
1576505078
864687702
779856946
943199442
492177049
1066486423
1082930045
845524923
408055545
1128637000
890342417
1440070194
1225348848
988889903
573433044
837232889
613101592
1363037001
716948730
464861051
905788765
666343046
1161668092
724166837
870211354
1140026541
817629660
967409484
1161668110
1215113607
1150251449
810725460
1178616554
330763401
327064126
1569378912
582891910
908580672
431651376
806419015
767100193
1141437632
1407896115
941818015
1365012570
350888289
329894032
1047425022
641816840
1453778461
386517579
1601228734
1363037096
246453151
817629716
832928621
1204821390
1120511078
469132227
125355061
1302673134
195159582
689412832
624614717
827054792
1120976276
716272968
484975208
899220186
1141437685
913385054
462990964
889978058
383106569
1044320908
1365012643
890342549
1460862100
503728947
1205815686
792021299
268443203
717012584
770123039
339865797
1075838402
525627588
565135771
485068855
477069168
639683749
186534121
770474329
980943812
342710788
429961767
360330560
905788905
787253124
696090786
1003150026
450531830
694735793
434404383
383106613
988890035
503793327
573433202
383907391
342710803
958673816
779857096
636589788
866688373
1450661820
841466817
1010571891
1482063067
1053327889
634219319
43552316
563408160
1034540448
1066486672
414492763
658013231
1003249268
435623681
779857123
714855423
666343192
1260609206
554037915
43552320
633145273
1609582423
186534148
1047425142
670479133
1218799068
424495709
431651494
1598907670
687900605
290506726
866688424
864383165
1617196139
1159871420
330763532
223326752
1461222550
